md5sum: ./GCF_002532875.1_vjacob_1.0_assembly_report.txt: No such file or directory
md5sum: ./GCF_002532875.1_vjacob_1.0_assembly_stats.txt: No such file or directory
md5sum: ./GCF_002532875.1_vjacob_1.0_assembly_structure/Primary_Assembly/component_localID2acc: No such file or directory
md5sum: ./GCF_002532875.1_vjacob_1.0_assembly_structure/Primary_Assembly/scaffold_localID2acc: No such file or directory
md5sum: ./GCF_002532875.1_vjacob_1.0_assembly_structure/Primary_Assembly/unplaced_scaffolds/AGP/unplaced.scaf.agp.gz: No such file or directory
md5sum: ./GCF_002532875.1_vjacob_1.0_assembly_structure/Primary_Assembly/unplaced_scaffolds/FASTA/unplaced.scaf.fna.gz: No such file or directory
md5sum: ./GCF_002532875.1_vjacob_1.0_cds_from_genomic.fna.gz: No such file or directory
md5sum: ./GCF_002532875.1_vjacob_1.0_feature_count.txt.gz: No such file or directory
md5sum: ./GCF_002532875.1_vjacob_1.0_feature_table.txt.gz: No such file or directory
md5sum: ./GCF_002532875.1_vjacob_1.0_genomic.fna.gz: No such file or directory
md5sum: ./GCF_002532875.1_vjacob_1.0_genomic.gbff.gz: No such file or directory
md5sum: ./GCF_002532875.1_vjacob_1.0_protein.faa.gz: No such file or directory
md5sum: ./GCF_002532875.1_vjacob_1.0_protein.gpff.gz: No such file or directory
md5sum: ./GCF_002532875.1_vjacob_1.0_rm.out.gz: No such file or directory
md5sum: ./GCF_002532875.1_vjacob_1.0_rm.run: No such file or directory
md5sum: ./GCF_002532875.1_vjacob_1.0_rna.fna.gz: No such file or directory
md5sum: ./GCF_002532875.1_vjacob_1.0_rna.gbff.gz: No such file or directory
md5sum: ./GCF_002532875.1_vjacob_1.0_rna_from_genomic.fna.gz: No such file or directory
md5sum: ./annotation_hashes.txt: No such file or directory
md5sum: WARNING: 19 of 21 listed files could not be read
